

Itr : 0
4115047	3616769	3752456	
2407920	2440263	2252424	
5695192	5656745	5433184	
---------------------------
label	tp	fp	fn	IoU	mPA
1	2440263	5656745	2252424	0.235787	0.301378
2	5433184	2252424	5656745	0.407213	0.706930


Itr : 5000
8263579	312684	2908009	
515048	3706138	2879421	
1544884	611020	14629217	
---------------------------
label	tp	fp	fn	IoU	mPA
1	3706138	611020	2879421	0.514986	0.858467
2	14629217	2879421	611020	0.807367	0.835543


Itr : 10000
8624541	266938	2592793	
640746	3752170	2707691	
1273273	493999	15017849	
---------------------------
label	tp	fp	fn	IoU	mPA
1	3752170	493999	2707691	0.539581	0.883660
2	15017849	2707691	493999	0.824272	0.847244


Itr : 15000
8880620	293479	2310173	
594688	3968858	2537061	
1429432	616235	14739454	
---------------------------
label	tp	fp	fn	IoU	mPA
1	3968858	616235	2537061	0.557255	0.865600
2	14739454	2537061	616235	0.823767	0.853150


Itr : 20000
8927014	260338	2296920	
772645	3873294	2454668	
1493884	534700	14756537	
---------------------------
label	tp	fp	fn	IoU	mPA
1	3873294	534700	2454668	0.564401	0.878698
2	14756537	2454668	534700	0.831546	0.857380


Itr : 25000
9110636	252939	2120697	
829537	3884470	2386600	
1677587	466835	14640699	
---------------------------
label	tp	fp	fn	IoU	mPA
1	3884470	466835	2386600	0.576510	0.892714
2	14640699	2386600	466835	0.836892	0.859837


Itr : 30000
9128901	192680	2162691	
982570	3640274	2477763	
1683481	300936	14800704	
---------------------------
label	tp	fp	fn	IoU	mPA
1	3640274	300936	2477763	0.567112	0.923644
2	14800704	2477763	300936	0.841934	0.856598


Itr : 35000
9165716	246248	2072308	
1108855	3857034	2134718	
1813936	464366	14506819	
---------------------------
label	tp	fp	fn	IoU	mPA
1	3857034	464366	2134718	0.597423	0.892543
2	14506819	2134718	464366	0.848059	0.871724


Itr : 40000
9211113	265531	2007628	
1073057	3981125	2046425	
1875140	509476	14400505	
---------------------------
label	tp	fp	fn	IoU	mPA
1	3981125	509476	2046425	0.609012	0.886546
2	14400505	2046425	509476	0.849266	0.875574


Itr : 45000
9211029	267657	2005586	
1113260	3942838	2044509	
1887458	500827	14396836	
---------------------------
label	tp	fp	fn	IoU	mPA
1	3942838	500827	2044509	0.607696	0.887294
2	14396836	2044509	500827	0.849763	0.875648


Itr : 50000
9102391	272482	2109399	
1026293	4043088	2031226	
1708968	509838	14566315	
---------------------------
label	tp	fp	fn	IoU	mPA
1	4043088	509838	2031226	0.614064	0.888020
2	14566315	2031226	509838	0.851464	0.877619


Itr : 55000
9114714	260296	2109262	
1145783	3920997	2033827	
1761604	473440	14550077	
---------------------------
label	tp	fp	fn	IoU	mPA
1	3920997	473440	2033827	0.609962	0.892264
2	14550077	2033827	473440	0.853010	0.877361


Itr : 60000
9160537	253775	2069960	
1124457	3965182	2010968	
1810453	446412	14528256	
---------------------------
label	tp	fp	fn	IoU	mPA
1	3965182	446412	2010968	0.617383	0.898809
2	14528256	2010968	446412	0.855326	0.878412


Itr : 65000
9260569	254918	1968785	
1161822	3970452	1968333	
1950084	443000	14392037	
---------------------------
label	tp	fp	fn	IoU	mPA
1	3970452	443000	1968333	0.622154	0.899625
2	14392037	1968333	443000	0.856497	0.879689


Itr : 70000
9358349	304241	1821682	
1163727	4161559	1775321	
2178314	615602	13991205	
---------------------------
label	tp	fp	fn	IoU	mPA
1	4161559	615602	1775321	0.635112	0.871136
2	13991205	1775321	615602	0.854053	0.887399


Itr : 75000
9180644	284807	2018821	
1129021	4086550	1885036	
1885779	552733	14346609	
---------------------------
label	tp	fp	fn	IoU	mPA
1	4086550	552733	1885036	0.626357	0.880858
2	14346609	1885036	552733	0.854760	0.883867


Itr : 80000
9324151	261091	1899030	
1257002	3958442	1885163	
2069181	501769	14214171	
---------------------------
label	tp	fp	fn	IoU	mPA
1	3958442	501769	1885163	0.623831	0.887501
2	14214171	1885163	501769	0.856218	0.882904


Itr : 85000
9371233	277768	1835271	
1219329	4057532	1823746	
2130012	534196	14120913	
---------------------------
label	tp	fp	fn	IoU	mPA
1	4057532	534196	1823746	0.632460	0.883661
2	14120913	1823746	534196	0.856911	0.885620


Itr : 90000
9285770	299863	1898639	
1150524	4140929	1809154	
2012704	583631	14188786	
---------------------------
label	tp	fp	fn	IoU	mPA
1	4140929	583631	1809154	0.633779	0.876469
2	14188786	1809154	583631	0.855696	0.886913


Itr : 95000
9352769	300558	1830945	
1162647	4134565	1803395	
2076191	586497	14122433	
---------------------------
label	tp	fp	fn	IoU	mPA
1	4134565	586497	1803395	0.633703	0.875770
2	14122433	1803395	586497	0.855266	0.886763


Itr : 100000
9382594	309828	1791850	
1233678	4149040	1717889	
2143767	596623	14044731	
---------------------------
label	tp	fp	fn	IoU	mPA
1	4149040	596623	1717889	0.641913	0.874280
2	14044731	1717889	596623	0.858520	0.891015
